<?xml version="1.0" encoding="UTF-8"?>
<!-- Generated by org.testng.reporters.JUnitXMLReporter -->
<testsuite hostname="DESKTOP-9EU580V" ignored="0" name="Default test" tests="5" failures="0" timestamp="2022-12-16T17:06:14 CST" time="8.761" errors="0">
  <testcase name="postNewEmployee" time="4.134" classname="dataDrivenTestPackage.DataDrivenAPITestFromExcel"/>
  <testcase name="postNewEmployee" time="1.003" classname="dataDrivenTestPackage.DataDrivenAPITestFromExcel"/>
  <testcase name="postNewEmployee" time="0.557" classname="dataDrivenTestPackage.DataDrivenAPITestFromExcel"/>
  <testcase name="postNewEmployee" time="0.547" classname="dataDrivenTestPackage.DataDrivenAPITestFromExcel"/>
  <testcase name="postNewEmployee" time="0.44" classname="dataDrivenTestPackage.DataDrivenAPITestFromExcel"/>
</testsuite> <!-- Default test -->
