<?xml version="1.0" encoding="UTF-8"?>
<!-- Generated by org.testng.reporters.JUnitXMLReporter -->
<testsuite ignored="0" hostname="Ashim-Luzaanewa" failures="0" tests="5" name="Default test" time="5.525" errors="0" timestamp="2023-01-03T12:54:01 CST">
  <testcase classname="dataDrivenTestPackage.DataDrivenAPITestFromExcel" name="postNewEmployee" time="2.475"/>
  <testcase classname="dataDrivenTestPackage.DataDrivenAPITestFromExcel" name="postNewEmployee" time="0.546"/>
  <testcase classname="dataDrivenTestPackage.DataDrivenAPITestFromExcel" name="postNewEmployee" time="0.495"/>
  <testcase classname="dataDrivenTestPackage.DataDrivenAPITestFromExcel" name="postNewEmployee" time="0.484"/>
  <testcase classname="dataDrivenTestPackage.DataDrivenAPITestFromExcel" name="postNewEmployee" time="0.575"/>
</testsuite> <!-- Default test -->
