<?xml version="1.0" encoding="UTF-8"?>
<testng-results ignored="0" total="5" passed="5" failed="0" skipped="0">
  <reporter-output>
  </reporter-output>
  <suite started-at="2022-12-22T20:15:00 CST" name="Default suite" finished-at="2022-12-22T20:15:08 CST" duration-ms="7456">
    <groups>
    </groups>
    <test started-at="2022-12-22T20:15:00 CST" name="Default test" finished-at="2022-12-22T20:15:08 CST" duration-ms="7456">
      <class name="dataDrivenTestPackage.DataDrivenAPITestFromExcel">
        <test-method signature="postNewEmployee(java.lang.String,java.lang.String,java.lang.String)[pri:0, instance:dataDrivenTestPackage.DataDrivenAPITestFromExcel@460d0a57]" started-at="2022-12-22T20:15:02 CST" name="postNewEmployee" data-provider="empdataprovider" finished-at="2022-12-22T20:15:04 CST" duration-ms="2324" status="PASS">
          <params>
            <param index="0">
              <value>
                <![CDATA[TARA]]>
              </value>
            </param>
            <param index="1">
              <value>
                <![CDATA[100000]]>
              </value>
            </param>
            <param index="2">
              <value>
                <![CDATA[35]]>
              </value>
            </param>
          </params>
          <reporter-output>
          </reporter-output>
        </test-method> <!-- postNewEmployee -->
        <test-method signature="postNewEmployee(java.lang.String,java.lang.String,java.lang.String)[pri:0, instance:dataDrivenTestPackage.DataDrivenAPITestFromExcel@460d0a57]" started-at="2022-12-22T20:15:04 CST" name="postNewEmployee" data-provider="empdataprovider" finished-at="2022-12-22T20:15:05 CST" duration-ms="437" status="PASS">
          <params>
            <param index="0">
              <value>
                <![CDATA[SARA]]>
              </value>
            </param>
            <param index="1">
              <value>
                <![CDATA[105000]]>
              </value>
            </param>
            <param index="2">
              <value>
                <![CDATA[32]]>
              </value>
            </param>
          </params>
          <reporter-output>
          </reporter-output>
        </test-method> <!-- postNewEmployee -->
        <test-method signature="postNewEmployee(java.lang.String,java.lang.String,java.lang.String)[pri:0, instance:dataDrivenTestPackage.DataDrivenAPITestFromExcel@460d0a57]" started-at="2022-12-22T20:15:05 CST" name="postNewEmployee" data-provider="empdataprovider" finished-at="2022-12-22T20:15:05 CST" duration-ms="551" status="PASS">
          <params>
            <param index="0">
              <value>
                <![CDATA[DARA]]>
              </value>
            </param>
            <param index="1">
              <value>
                <![CDATA[107000]]>
              </value>
            </param>
            <param index="2">
              <value>
                <![CDATA[34]]>
              </value>
            </param>
          </params>
          <reporter-output>
          </reporter-output>
        </test-method> <!-- postNewEmployee -->
        <test-method signature="postNewEmployee(java.lang.String,java.lang.String,java.lang.String)[pri:0, instance:dataDrivenTestPackage.DataDrivenAPITestFromExcel@460d0a57]" started-at="2022-12-22T20:15:05 CST" name="postNewEmployee" data-provider="empdataprovider" finished-at="2022-12-22T20:15:06 CST" duration-ms="711" status="PASS">
          <params>
            <param index="0">
              <value>
                <![CDATA[AARA]]>
              </value>
            </param>
            <param index="1">
              <value>
                <![CDATA[108000]]>
              </value>
            </param>
            <param index="2">
              <value>
                <![CDATA[33]]>
              </value>
            </param>
          </params>
          <reporter-output>
          </reporter-output>
        </test-method> <!-- postNewEmployee -->
        <test-method signature="postNewEmployee(java.lang.String,java.lang.String,java.lang.String)[pri:0, instance:dataDrivenTestPackage.DataDrivenAPITestFromExcel@460d0a57]" started-at="2022-12-22T20:15:06 CST" name="postNewEmployee" data-provider="empdataprovider" finished-at="2022-12-22T20:15:08 CST" duration-ms="1835" status="PASS">
          <params>
            <param index="0">
              <value>
                <![CDATA[BARA]]>
              </value>
            </param>
            <param index="1">
              <value>
                <![CDATA[110000]]>
              </value>
            </param>
            <param index="2">
              <value>
                <![CDATA[39]]>
              </value>
            </param>
          </params>
          <reporter-output>
          </reporter-output>
        </test-method> <!-- postNewEmployee -->
      </class> <!-- dataDrivenTestPackage.DataDrivenAPITestFromExcel -->
    </test> <!-- Default test -->
  </suite> <!-- Default suite -->
</testng-results>
