<?xml version="1.0" encoding="UTF-8"?>
<testng-results skipped="0" failed="0" ignored="0" total="1" passed="1">
  <reporter-output>
  </reporter-output>
  <suite name="Default suite" duration-ms="4407" started-at="2022-12-14T21:05:10 CST" finished-at="2022-12-14T21:05:14 CST">
    <groups>
    </groups>
    <test name="Default test" duration-ms="4407" started-at="2022-12-14T21:05:10 CST" finished-at="2022-12-14T21:05:14 CST">
      <class name="TC002_Post_Request">
        <test-method status="PASS" signature="postRequest()[pri:0, instance:TC002_Post_Request@2833cc44]" name="postRequest" duration-ms="4319" started-at="2022-12-14T21:05:10 CST" finished-at="2022-12-14T21:05:14 CST">
          <reporter-output>
          </reporter-output>
        </test-method> <!-- postRequest -->
      </class> <!-- TC002_Post_Request -->
    </test> <!-- Default test -->
  </suite> <!-- Default suite -->
</testng-results>
